  PPID    PID   PGID    SID TTY       TPGID STAT   UID   TIME COMMAND
223224 223254 223224 223224 ?            -1 S     1007   0:01 sshd: chenjun@notty
223254 223255 223255 223255 ?            -1 Ss    1007   0:00  \_ -bash
223255 223280 223255 223255 ?            -1 S     1007   0:00      \_ bash
223280 223306 223255 223255 ?            -1 S     1007   0:00          \_ sh /home/chenjun/.vscode-server/bin/a5d1cc28bb5da32ec67e86cc50f84c67cc690321/server.sh --host=127.0.0.1 --enable-remote-auto-shutdown --port=0
223306 223314 223255 223255 ?            -1 Sl    1007   0:05          |   \_ /home/chenjun/.vscode-server/bin/a5d1cc28bb5da32ec67e86cc50f84c67cc690321/node /home/chenjun/.vscode-server/bin/a5d1cc28bb5da32ec67e86cc50f84c67cc690321/out/vs/server/main.js --host=127.0.0.1 --enable-remote-auto-shutdown --port=0
223314 223382 223255 223255 ?            -1 Rl    1007   9:59          |       \_ /home/chenjun/.vscode-server/bin/a5d1cc28bb5da32ec67e86cc50f84c67cc690321/node /home/chenjun/.vscode-server/bin/a5d1cc28bb5da32ec67e86cc50f84c67cc690321/out/bootstrap-fork --type=watcherService
223314 223415 223255 223255 ?            -1 Sl    1007   0:31          |       \_ /home/chenjun/.vscode-server/bin/a5d1cc28bb5da32ec67e86cc50f84c67cc690321/node /home/chenjun/.vscode-server/bin/a5d1cc28bb5da32ec67e86cc50f84c67cc690321/out/bootstrap-fork --type=extensionHost --uriTransformerPath=/home/chenjun/.vscode-server/bin/a5d1cc28bb5da32ec67e86cc50f84c67cc690321/out/vs/server/uriTransformer.js
223415 223573 223573 223573 pts/1    223997 Ss    1007   0:00          |           \_ /bin/bash
223573 223997 223997 223573 pts/1    223997 S+    1007   0:00          |           |   \_ screen -R chip
223415 223778 223778 223778 pts/19   223778 Ss+   1007   0:00          |           \_ /bin/bash
223415 223782 223255 223255 ?            -1 Sl    1007   0:00          |           \_ /home/chenjun/.vscode-server/bin/a5d1cc28bb5da32ec67e86cc50f84c67cc690321/node /home/chenjun/.vscode-server/bin/a5d1cc28bb5da32ec67e86cc50f84c67cc690321/extensions/json-language-features/server/dist/jsonServerMain --node-ipc --clientProcessId=223415
223415 224528 223255 223255 ?            -1 Sl    1007   0:25          |           \_ /home/chenjun/.vscode-server/extensions/ms-python.python-2020.5.86806/languageServer.0.5.50/Microsoft.Python.LanguageServer
223280 226242 223255 223255 ?            -1 S     1007   0:00          \_ sleep 180
     1 226045 225501 218655 pts/16   225501 S+    1007   0:00 /bin/bash /home/chenjun/work/2020-06-13.Chip_run/TestOut/YJ-BEAS-2B-input_L4_409209__vs__YJ-BEAS-2B-H3K4me3_L4_410E07/chip/4513aa40-8c91-47df-b1d7-09ed380270ee/call-align_ctl/shard-0/execution/script.background
226045 226046 225501 218655 pts/16   225501 S+    1007   0:00  \_ /bin/bash /home/chenjun/work/2020-06-13.Chip_run/TestOut/YJ-BEAS-2B-input_L4_409209__vs__YJ-BEAS-2B-H3K4me3_L4_410E07/chip/4513aa40-8c91-47df-b1d7-09ed380270ee/call-align_ctl/shard-0/execution/script.submit
226046 226047 225501 218655 pts/16   225501 S+    1007   0:00      \_ /bin/bash /home/chenjun/work/2020-06-13.Chip_run/TestOut/YJ-BEAS-2B-input_L4_409209__vs__YJ-BEAS-2B-H3K4me3_L4_410E07/chip/4513aa40-8c91-47df-b1d7-09ed380270ee/call-align_ctl/shard-0/execution/script
226047 226052 225501 218655 pts/16   225501 S+    1007   0:00          \_ tee /home/chenjun/work/2020-06-13.Chip_run/TestOut/YJ-BEAS-2B-input_L4_409209__vs__YJ-BEAS-2B-H3K4me3_L4_410E07/chip/4513aa40-8c91-47df-b1d7-09ed380270ee/call-align_ctl/shard-0/execution/stdout
226047 226053 225501 218655 pts/16   225501 S+    1007   0:00          \_ tee /home/chenjun/work/2020-06-13.Chip_run/TestOut/YJ-BEAS-2B-input_L4_409209__vs__YJ-BEAS-2B-H3K4me3_L4_410E07/chip/4513aa40-8c91-47df-b1d7-09ed380270ee/call-align_ctl/shard-0/execution/stderr
226047 226054 225501 218655 pts/16   225501 S+    1007   0:00          \_ /bin/bash /home/chenjun/work/2020-06-13.Chip_run/TestOut/YJ-BEAS-2B-input_L4_409209__vs__YJ-BEAS-2B-H3K4me3_L4_410E07/chip/4513aa40-8c91-47df-b1d7-09ed380270ee/call-align_ctl/shard-0/execution/script
226054 226092 225501 218655 pts/16   225501 S+    1007   0:00              \_ python3 /home/ray/biotools/miniconda3/envs/encode-chip-seq-pipeline/bin/encode_task_bowtie2.py /home/chenjun/work/2020-06-13.Chip_run/TestOut/YJ-BEAS-2B-input_L4_409209__vs__YJ-BEAS-2B-H3K4me3_L4_410E07/chip/4513aa40-8c91-47df-b1d7-09ed380270ee/call-align_ctl/shard-0/inputs/105202162/GRCh38_no_alt_analysis_set_GCA_000001405.15.fasta.tar R1/YJ-BEAS-2B-input_L4_409209.R1.merged.fastq.gz R2/YJ-BEAS-2B-input_L4_409209.R2.merged.fastq.gz --paired-end --nth 10
226092 226097 226097 226097 ?            -1 Ss    1007   0:00                  \_ /bin/bash -o pipefail
226097 226098 226097 226097 ?            -1 S     1007   0:00                      \_ perl /home/ray/biotools/miniconda3/envs/encode-chip-seq-pipeline/bin/bowtie2 -X2000 --mm --threads 10 -x GRCh38_no_alt_analysis_set_GCA_000001405.15.fasta -1 R1/YJ-BEAS-2B-input_L4_409209.R1.merged.fastq.gz -2 R2/YJ-BEAS-2B-input_L4_409209.R2.merged.fastq.gz
226098 226102 226097 226097 ?            -1 Sl    1007  63:36                      |   \_ /home/ray/biotools/miniconda3/envs/encode-chip-seq-pipeline/bin/bowtie2-align-s --wrapper basic-0 -X2000 --mm --threads 10 -x GRCh38_no_alt_analysis_set_GCA_000001405.15.fasta -1 R1/YJ-BEAS-2B-input_L4_409209.R1.merged.fastq.gz -2 R2/YJ-BEAS-2B-input_L4_409209.R2.merged.fastq.gz
226097 226099 226097 226097 ?            -1 S     1007   0:12                      \_ samtools view -Su /dev/stdin
226097 226100 226097 226097 ?            -1 Sl    1007   0:09                      \_ samtools sort /dev/stdin -o YJ-BEAS-2B-input_L4_409209.R1.merged.bam -T YJ-BEAS-2B-input_L4_409209.R1.merged
     1 226008 225501 218655 pts/16   225501 S+    1007   0:00 /bin/bash /home/chenjun/work/2020-06-13.Chip_run/TestOut/YJ-BEAS-2B-input_L4_409209__vs__YJ-BEAS-2B-H3K4me3_L4_410E07/chip/4513aa40-8c91-47df-b1d7-09ed380270ee/call-align_R1/shard-0/execution/script.background
226008 226009 225501 218655 pts/16   225501 S+    1007   0:00  \_ /bin/bash /home/chenjun/work/2020-06-13.Chip_run/TestOut/YJ-BEAS-2B-input_L4_409209__vs__YJ-BEAS-2B-H3K4me3_L4_410E07/chip/4513aa40-8c91-47df-b1d7-09ed380270ee/call-align_R1/shard-0/execution/script.submit
226009 226010 225501 218655 pts/16   225501 S+    1007   0:00      \_ /bin/bash /home/chenjun/work/2020-06-13.Chip_run/TestOut/YJ-BEAS-2B-input_L4_409209__vs__YJ-BEAS-2B-H3K4me3_L4_410E07/chip/4513aa40-8c91-47df-b1d7-09ed380270ee/call-align_R1/shard-0/execution/script
226010 226015 225501 218655 pts/16   225501 S+    1007   0:00          \_ tee /home/chenjun/work/2020-06-13.Chip_run/TestOut/YJ-BEAS-2B-input_L4_409209__vs__YJ-BEAS-2B-H3K4me3_L4_410E07/chip/4513aa40-8c91-47df-b1d7-09ed380270ee/call-align_R1/shard-0/execution/stdout
226010 226016 225501 218655 pts/16   225501 S+    1007   0:00          \_ tee /home/chenjun/work/2020-06-13.Chip_run/TestOut/YJ-BEAS-2B-input_L4_409209__vs__YJ-BEAS-2B-H3K4me3_L4_410E07/chip/4513aa40-8c91-47df-b1d7-09ed380270ee/call-align_R1/shard-0/execution/stderr
226010 226017 225501 218655 pts/16   225501 S+    1007   0:00          \_ /bin/bash /home/chenjun/work/2020-06-13.Chip_run/TestOut/YJ-BEAS-2B-input_L4_409209__vs__YJ-BEAS-2B-H3K4me3_L4_410E07/chip/4513aa40-8c91-47df-b1d7-09ed380270ee/call-align_R1/shard-0/execution/script
226017 226349 225501 218655 pts/16   225501 S+    1007   0:00              \_ python3 /home/ray/biotools/miniconda3/envs/encode-chip-seq-pipeline/bin/encode_task_bowtie2.py /home/chenjun/work/2020-06-13.Chip_run/TestOut/YJ-BEAS-2B-input_L4_409209__vs__YJ-BEAS-2B-H3K4me3_L4_410E07/chip/4513aa40-8c91-47df-b1d7-09ed380270ee/call-align_R1/shard-0/inputs/105202162/GRCh38_no_alt_analysis_set_GCA_000001405.15.fasta.tar R1_trimmed/YJ-BEAS-2B-H3K4me3_L4_410E07.R1.merged.trim_50bp.fastq.gz --nth 10
226349 226355 226355 226355 ?            -1 Ss    1007   0:00                  \_ /bin/bash -o pipefail
226355 226356 226355 226355 ?            -1 S     1007   0:00                      \_ perl /home/ray/biotools/miniconda3/envs/encode-chip-seq-pipeline/bin/bowtie2 --mm --threads 10 -x GRCh38_no_alt_analysis_set_GCA_000001405.15.fasta -U R1_trimmed/YJ-BEAS-2B-H3K4me3_L4_410E07.R1.merged.trim_50bp.fastq.gz
226356 226360 226355 226355 ?            -1 Sl    1007   3:21                      |   \_ /home/ray/biotools/miniconda3/envs/encode-chip-seq-pipeline/bin/bowtie2-align-s --wrapper basic-0 --mm --threads 10 -x GRCh38_no_alt_analysis_set_GCA_000001405.15.fasta -U R1_trimmed/YJ-BEAS-2B-H3K4me3_L4_410E07.R1.merged.trim_50bp.fastq.gz
226355 226357 226355 226355 ?            -1 S     1007   0:00                      \_ samtools view -Su /dev/stdin
226355 226358 226355 226355 ?            -1 S     1007   0:00                      \_ samtools sort /dev/stdin -o YJ-BEAS-2B-H3K4me3_L4_410E07.R1.merged.trim_50bp.bam -T YJ-BEAS-2B-H3K4me3_L4_410E07.R1.merged.trim_50bp
     1 225986 225501 218655 pts/16   225501 S+    1007   0:00 /bin/bash /home/chenjun/work/2020-06-13.Chip_run/TestOut/YJ-BEAS-2B-input_L4_409209__vs__YJ-BEAS-2B-H3K4me3_L4_410E07/chip/4513aa40-8c91-47df-b1d7-09ed380270ee/call-align/shard-0/execution/script.background
225986 225987 225501 218655 pts/16   225501 S+    1007   0:00  \_ /bin/bash /home/chenjun/work/2020-06-13.Chip_run/TestOut/YJ-BEAS-2B-input_L4_409209__vs__YJ-BEAS-2B-H3K4me3_L4_410E07/chip/4513aa40-8c91-47df-b1d7-09ed380270ee/call-align/shard-0/execution/script.submit
225987 225988 225501 218655 pts/16   225501 S+    1007   0:00      \_ /bin/bash /home/chenjun/work/2020-06-13.Chip_run/TestOut/YJ-BEAS-2B-input_L4_409209__vs__YJ-BEAS-2B-H3K4me3_L4_410E07/chip/4513aa40-8c91-47df-b1d7-09ed380270ee/call-align/shard-0/execution/script
225988 225993 225501 218655 pts/16   225501 S+    1007   0:00          \_ tee /home/chenjun/work/2020-06-13.Chip_run/TestOut/YJ-BEAS-2B-input_L4_409209__vs__YJ-BEAS-2B-H3K4me3_L4_410E07/chip/4513aa40-8c91-47df-b1d7-09ed380270ee/call-align/shard-0/execution/stdout
225988 225994 225501 218655 pts/16   225501 S+    1007   0:00          \_ tee /home/chenjun/work/2020-06-13.Chip_run/TestOut/YJ-BEAS-2B-input_L4_409209__vs__YJ-BEAS-2B-H3K4me3_L4_410E07/chip/4513aa40-8c91-47df-b1d7-09ed380270ee/call-align/shard-0/execution/stderr
225988 225995 225501 218655 pts/16   225501 S+    1007   0:00          \_ /bin/bash /home/chenjun/work/2020-06-13.Chip_run/TestOut/YJ-BEAS-2B-input_L4_409209__vs__YJ-BEAS-2B-H3K4me3_L4_410E07/chip/4513aa40-8c91-47df-b1d7-09ed380270ee/call-align/shard-0/execution/script
225995 226027 225501 218655 pts/16   225501 S+    1007   0:00              \_ python3 /home/ray/biotools/miniconda3/envs/encode-chip-seq-pipeline/bin/encode_task_bowtie2.py /home/chenjun/work/2020-06-13.Chip_run/TestOut/YJ-BEAS-2B-input_L4_409209__vs__YJ-BEAS-2B-H3K4me3_L4_410E07/chip/4513aa40-8c91-47df-b1d7-09ed380270ee/call-align/shard-0/inputs/105202162/GRCh38_no_alt_analysis_set_GCA_000001405.15.fasta.tar R1/YJ-BEAS-2B-H3K4me3_L4_410E07.R1.merged.fastq.gz R2/YJ-BEAS-2B-H3K4me3_L4_410E07.R2.merged.fastq.gz --paired-end --nth 10
226027 226072 226072 226072 ?            -1 Ss    1007   0:00                  \_ /bin/bash -o pipefail
226072 226073 226072 226072 ?            -1 S     1007   0:00                      \_ perl /home/ray/biotools/miniconda3/envs/encode-chip-seq-pipeline/bin/bowtie2 -X2000 --mm --threads 10 -x GRCh38_no_alt_analysis_set_GCA_000001405.15.fasta -1 R1/YJ-BEAS-2B-H3K4me3_L4_410E07.R1.merged.fastq.gz -2 R2/YJ-BEAS-2B-H3K4me3_L4_410E07.R2.merged.fastq.gz
226073 226077 226072 226072 ?            -1 Sl    1007  65:58                      |   \_ /home/ray/biotools/miniconda3/envs/encode-chip-seq-pipeline/bin/bowtie2-align-s --wrapper basic-0 -X2000 --mm --threads 10 -x GRCh38_no_alt_analysis_set_GCA_000001405.15.fasta -1 R1/YJ-BEAS-2B-H3K4me3_L4_410E07.R1.merged.fastq.gz -2 R2/YJ-BEAS-2B-H3K4me3_L4_410E07.R2.merged.fastq.gz
226072 226074 226072 226072 ?            -1 S     1007   0:09                      \_ samtools view -Su /dev/stdin
226072 226075 226072 226072 ?            -1 S     1007   0:03                      \_ samtools sort /dev/stdin -o YJ-BEAS-2B-H3K4me3_L4_410E07.R1.merged.bam -T YJ-BEAS-2B-H3K4me3_L4_410E07.R1.merged
     1 222676 222457 218655 pts/16   225501 Sl    1007   4:08 java -Xmx3G -XX:ParallelGCThreads=1 -DLOG_LEVEL=INFO -DLOG_MODE=standard -jar -Dconfig.file=/home/chenjun/work/2020-06-13.Chip_run/TestOut/YJ-BEAS-2B-input_L4_409209__vs__YJ-BEAS-2B-H3K4me3_L4_410E07/.caper_tmp/chip/20200614_005402_999382/backend.conf /home/chenjun/.caper/cromwell_jar/cromwell-47.jar run /home/ray/biotools/pipeline/chip-seq-pipeline2/chip.wdl -i /home/chenjun/work/2020-06-13.Chip_run/TestOut/YJ-BEAS-2B-input_L4_409209__vs__YJ-BEAS-2B-H3K4me3_L4_410E07/in_YJ-BEAS-2B-input_L4_409209.json -o /home/chenjun/work/2020-06-13.Chip_run/TestOut/YJ-BEAS-2B-input_L4_409209__vs__YJ-BEAS-2B-H3K4me3_L4_410E07/.caper_tmp/chip/20200614_005402_999382/workflow_opts.json -l /home/chenjun/work/2020-06-13.Chip_run/TestOut/YJ-BEAS-2B-input_L4_409209__vs__YJ-BEAS-2B-H3K4me3_L4_410E07/.caper_tmp/chip/20200614_005402_999382/labels.json -m /home/chenjun/work/2020-06-13.Chip_run/TestOut/YJ-BEAS-2B-input_L4_409209__vs__YJ-BEAS-2B-H3K4me3_L4_410E07/.caper_tmp/chip/20200614_005402_999382/metadata.json
     1 218654 218654 218654 ?            -1 Ss    1007   0:01 SCREEN -R chip
218654 218655 218655 218655 pts/16   225501 Ss    1007   0:00  \_ -/bin/bash
218655 225501 225501 218655 pts/16   225501 S+    1007   0:00  |   \_ sh work_all.sh
225501 225502 225501 218655 pts/16   225501 S+    1007   0:00  |       \_ sh run.sh
225502 225518 225501 218655 pts/16   225501 S+    1007   0:00  |           \_ /home/ray/biotools/miniconda3/envs/encode-chip-seq-pipeline/bin/python /home/ray/biotools/miniconda3/envs/encode-chip-seq-pipeline/bin/caper run /home/ray/biotools/pipeline/chip-seq-pipeline2/chip.wdl -i ./in_YJ-BEAS-2B-input_L4_409209.json
225518 225605 225501 218655 pts/16   225501 Sl+   1007   3:36  |               \_ java -Xmx3G -XX:ParallelGCThreads=1 -DLOG_LEVEL=INFO -DLOG_MODE=standard -jar -Dconfig.file=/home/chenjun/work/2020-06-13.Chip_run/TestOut/YJ-BEAS-2B-input_L4_409209__vs__YJ-BEAS-2B-H3K4me3_L4_410E07/.caper_tmp/chip/20200614_012258_518357/backend.conf /home/chenjun/.caper/cromwell_jar/cromwell-47.jar run /home/ray/biotools/pipeline/chip-seq-pipeline2/chip.wdl -i /home/chenjun/work/2020-06-13.Chip_run/TestOut/YJ-BEAS-2B-input_L4_409209__vs__YJ-BEAS-2B-H3K4me3_L4_410E07/in_YJ-BEAS-2B-input_L4_409209.json -o /home/chenjun/work/2020-06-13.Chip_run/TestOut/YJ-BEAS-2B-input_L4_409209__vs__YJ-BEAS-2B-H3K4me3_L4_410E07/.caper_tmp/chip/20200614_012258_518357/workflow_opts.json -l /home/chenjun/work/2020-06-13.Chip_run/TestOut/YJ-BEAS-2B-input_L4_409209__vs__YJ-BEAS-2B-H3K4me3_L4_410E07/.caper_tmp/chip/20200614_012258_518357/labels.json -m /home/chenjun/work/2020-06-13.Chip_run/TestOut/YJ-BEAS-2B-input_L4_409209__vs__YJ-BEAS-2B-H3K4me3_L4_410E07/.caper_tmp/chip/20200614_012258_518357/metadata.json
218654 222500 222500 222500 pts/5    226375 Ss    1007   0:00  \_ -/bin/bash
222500 226375 226375 222500 pts/5    226375 R+    1007   0:00  |   \_ ps xjf
218654 224062 224062 224062 pts/23   224062 Ss+   1007   0:00  \_ -/bin/bash
     1 121305 121305 121305 ?            -1 Ss    1007   0:00 SCREEN -R test
121305 121306 121306 121306 pts/3    121306 Ss+   1007   0:00  \_ -/bin/bash
121305 121366 121366 121366 pts/8    121366 Ss+   1007   0:00  \_ -/bin/bash
121305 121421 121421 121421 pts/9    121421 Ss+   1007   0:00  \_ -/bin/bash
121305 121476 121476 121476 pts/11   121476 Ss+   1007   0:00  \_ -/bin/bash
     1  92528  92528  92528 ?            -1 Ss    1007   0:01 SCREEN -R Chip
 92528  98897  98897  98897 pts/24    98897 Ss+   1007   0:00  \_ -/bin/bash
 92528 118794 118794 118794 pts/21   118794 Ss+   1007   0:00  \_ -/bin/bash
 92528 128154 128154 128154 pts/15   128154 Ss+   1007   0:00  \_ -/bin/bash
     1  69936  56150  56150 ?            -1 S     1007   0:00 git fetch
 69936  69937  56150  56150 ?            -1 S     1007   0:04  \_ git-remote-https origin https://github.com/ENCODE-DCC/chip-seq-pipeline2
 69937  69947  56150  56150 ?            -1 Sl    1007   0:00      \_ git fetch-pack --stateless-rpc --stdin --lock-pack --thin --no-progress https://github.com/ENCODE-DCC/chip-seq-pipeline2/
 69947  69956  56150  56150 ?            -1 S     1007   0:00          \_ git index-pack --stdin --fix-thin --keep=fetch-pack 69947 on gzscbioinfo --pack_header=2,5256
     1  24726  13555  13555 ?            -1 S     1007   0:00 git fetch
 24726  24727  13555  13555 ?            -1 S     1007   3:19  \_ git-remote-https origin https://github.com/wan230114/PythonNote.git
     1  14876  14876  14876 pts/12    15041 Ss    1007   0:00 /bin/bash
 14876  15041  15041  14876 pts/12    15041 S+    1007   0:00  \_ screen -R miRNA
 15041  15042  15042  15042 ?            -1 Ss    1007   0:01      \_ SCREEN -R miRNA
 15042  15043  15043  15043 pts/0     15043 Ss+   1007   0:00          \_ -/bin/bash
 15042  20015  20015  20015 pts/14    20015 Ss+   1007   0:00          \_ -/bin/bash
     1  14392  14392  14392 pts/7     14457 Ss    1007   0:00 /bin/bash
 14392  14457  14457  14392 pts/7     14457 S+    1007   0:00  \_ screen -R miRNA
     1  14068  14068  14068 pts/4     14068 Ss+   1007   0:00 /bin/bash
     1  13812  13812  13812 pts/2     13812 Ss+   1007   0:00 /bin/bash
     1 112666 112666 112666 ?            -1 Ss    1007   0:01 SCREEN -R miRNA
112666 112667 112667 112667 pts/10   112667 Ss+   1007   0:00  \_ -/bin/bash
     1  38252  38252  37411 ?            -1 Sl    1007   1:27 ./trojan
