start at time 2019-01-05 20:46
01 done: geted log.
02 done: write to sendmail.txt.
03 done: send success.

start at time 2019-01-06 07:56
01 done.
02 done.
03 done.

start at time 2019-01-06 10:34
01 done.
02 done.
03 done.

start at time 2019-01-06 10:39
01 done.
02 done.
03 done.

start at time 2019-01-06 10:41
01 done.
02 done.
03 done.

start at time 2019-01-06 10:44
01 done.
02 done.
03 done.

start at time 2019-01-06 10:45
01 done.
02 done.
03 done.

start at time 2019-01-06 10:50
01 done.
02 done.
03 done.

start at time 2019-01-06 10:51
01 done.
02 done.
03 done.

start at time 2019-01-06 10:53
01 done.
02 done.
03 done.

start at time 2019-01-06 10:55
01 done.
02 done.
03 done.

start at time 2019-01-06 10:56
01 done.
02 done.
03 done.

start at time 2019-01-06 10:56
01 done.
02 done.
03 done.

start at time 2019-01-06 10:59
01 done.
02 done.
03 done.

start at time 2019-01-06 11:00
01 done.
02 done.
03 done.

start at time 2019-01-07 07:56
01 done.
02 done.
03 done.

start at time 2019-01-08 07:56
01 done.
02 done.
03 done.

start at time 2019-01-09 07:56
01 done.
02 done.
03 done.

start at time 2019-01-10 07:56
01 done.
02 done.
03 done.

start at time 2019-01-10 12:49
01 done.
02 done.
03 done.

start at time 2019-01-10 13:32
01 done.
02 done.
start at time 2019-01-11 07:56
01 done.
02 done.
03 done.

start at time 2019-01-12 07:56
01 done.
02 done.
03 done.

start at time 2019-01-13 07:56
01 done.
02 done.
03 done.

start at time 2019-01-14 07:56
01 done.
02 done.
03 done.

start at time 2019-01-15 07:56
01 done.
02 done.
03 done.

start at time 2019-01-16 07:56
01 done.
02 done.
03 done.

start at time 2019-01-17 07:56
01 done.
02 done.
03 done.

start at time 2019-01-18 07:55
01 done.
02 done.
03 done.

start at time 2019-01-19 07:56
01 done.
02 done.
03 done.

start at time 2019-01-20 07:56
01 done.
02 done.
03 done.

start at time 2019-01-21 07:56
01 done.
02 done.
03 done.

start at time 2019-01-22 07:56
01 done.
02 done.
03 done.

start at time 2019-01-23 07:56
01 done.
02 done.
03 done.

start at time 2019-01-24 07:56
01 done.
02 done.
03 done.

start at time 2019-01-25 07:56
01 done.
02 done.
03 done.

start at time 2019-01-26 07:56
01 done.
02 done.
03 done.

start at time 2019-01-27 07:56
01 done.
02 done.
03 done.

start at time 2019-01-28 07:56
01 done.
02 done.
03 done.

start at time 2019-01-29 07:56
01 done.
02 done.
03 done.

start at time 2019-01-30 07:56
01 done.
02 done.
03 done.

start at time 2019-01-31 07:56
01 done.
02 done.
03 done.

start at time 2019-02-01 07:56
01 done.
02 done.
03 done.

start at time 2019-02-02 07:56
01 done.
02 done.
03 done.

start at time 2019-02-03 07:56
01 done.
02 done.
03 done.

start at time 2019-02-04 07:56
01 done.
02 done.
03 done.

start at time 2019-02-05 07:56
01 done.
02 done.
03 done.

start at time 2019-02-06 07:56
01 done.
02 done.
03 done.

start at time 2019-02-07 07:56
01 done.
02 done.
03 done.

start at time 2019-02-08 07:56
01 done.
02 done.
03 done.

start at time 2019-02-09 07:56
01 done.
02 done.
03 done.

start at time 2019-02-10 07:56
01 done.
02 done.
03 done.

start at time 2019-02-11 07:56
01 done.
02 done.
03 done.

start at time 2019-02-12 07:56
01 done.
02 done.
03 done.

start at time 2019-02-13 07:56
01 done.
02 done.
03 done.

start at time 2019-02-14 07:56
01 done.
02 done.
03 done.

start at time 2019-02-15 07:56
01 done.
02 done.
03 done.

start at time 2019-02-16 07:56
01 done.
02 done.
03 done.

start at time 2019-02-17 07:56
01 done.
02 done.
03 done.

start at time 2019-02-18 07:56
01 done.
02 done.
03 done.

start at time 2019-02-19 07:56
01 done.
02 done.
03 done.

start at time 2019-02-20 07:56
01 done.
02 done.
03 done.

start at time 2019-02-20 10:23
01 done.
02 done.
03 done.

start at time 2019-02-21 07:56
01 done.
02 done.
start at time 2019-02-21 08:30
01 done.
02 done.
03 done.

start at time 2019-02-22 07:56
01 done.
02 done.
start at time 2019-02-23 07:56
01 done.
02 done.
start at time 2019-02-24 07:56
01 done.
02 done.
start at time 2019-02-25 07:56
01 done.
02 done.
start at time 2019-02-26 07:56
01 done.
02 done.
start at time 2019-02-26 17:54
01 done.
02 done.
03 done.

start at time 2019-02-26 18:33
01 done.
02 done.
start at time 2019-02-26 18:34
01 done.
02 done.
start at time 2019-02-26 18:35
01 done.
02 done.
start at time 2019-02-26 18:36
01 done.
02 done.
start at time 2019-02-26 18:37
01 done.
02 done.
03 done.

start at time 2019-02-26 18:40
01 done.
02 done.
03 done.

start at time 2019-02-26 18:41
01 done.
02 done.
03 done.

start at time 2019-02-26 18:42
01 done.
02 done.
03 done.

start at time 2019-02-27 07:56
01 done.
02 done.
03 done.

start at time 2019-02-28 07:56
01 done.
02 done.
03 done.

start at time 2019-03-01 07:56
01 done.
02 done.
03 done.

start at time 2019-03-02 07:56
01 done.
02 done.
03 done.

start at time 2019-03-02 21:00
02 done.
start at time 2019-03-02 21:01
02 done.
start at time 2019-03-02 21:04
02 done.
start at time 2019-03-02 21:07
02 done.
start at time 2019-03-02 21:14
02 done.
start at time 2019-03-02 21:14
02 done.
start at time 2019-03-02 21:15
02 done.
start at time 2019-03-02 21:34
02 done.
start at time 2019-03-02 21:37
02 done.
03 done.

start at time 2019-03-02 21:38
02 done.
03 done.

start at time 2019-03-02 21:39
02 done.
03 done.

start at time 2019-03-02 22:22
02 done.
03 done.

start at time 2019-03-02 22:23
02 done.
03 done.

start at time 2019-03-02 22:26
02 done.
03 done.

start at time 2019-03-02 22:26
02 done.
03 done.

start at time 2019-03-02 22:30
02 done.
03 done.

start at time 2019-03-02 22:31
02 done.
03 done.

start at time 2019-03-02 22:32
02 done.
03 done.

start at time 2019-03-02 22:33
02 done.
03 done.

start at time 2019-03-02 22:34
02 done.
03 done.

start at time 2019-03-02 22:35
02 done.
03 done.

start at time 2019-03-02 22:36
02 done.
03 done.

start at time 2019-03-02 22:37
02 done.
03 done.

start at time 2019-03-02 22:38
02 done.
03 done.

start at time 2019-03-02 22:39
02 done.
03 done.

start at time 2019-03-02 22:40
02 done.
03 done.

start at time 2019-03-02 22:41
02 done.
03 done.

start at time 2019-03-02 22:42
02 done.
03 done.

start at time 2019-03-02 22:43
02 done.
03 done.

start at time 2019-03-02 22:44
02 done.
03 done.

start at time 2019-03-02 22:45
02 done.
03 done.

start at time 2019-03-02 22:46
02 done.
03 done.

start at time 2019-03-02 22:47
02 done.
03 done.

start at time 2019-03-02 22:48
02 done.
03 done.

start at time 2019-03-02 22:49
02 done.
03 done.

start at time 2019-03-02 22:50
02 done.
03 done.

start at time 2019-03-02 22:51
02 done.
03 done.

start at time 2019-03-02 22:52
02 done.
03 done.

start at time 2019-03-02 22:53
02 done.
03 done.

start at time 2019-03-02 22:54
02 done.
03 done.

start at time 2019-03-02 22:55
02 done.
03 done.

start at time 2019-03-02 22:56
02 done.
03 done.

start at time 2019-03-02 22:57
02 done.
03 done.

start at time 2019-03-02 22:58
02 done.
03 done.

start at time 2019-03-02 22:59
02 done.
03 done.

start at time 2019-03-02 23:00
02 done.
03 done.

start at time 2019-03-02 23:01
02 done.
03 done.

start at time 2019-03-02 23:02
02 done.
03 done.

start at time 2019-03-02 23:03
02 done.
03 done.

start at time 2019-03-02 23:04
02 done.
03 done.

start at time 2019-03-02 23:05
02 done.
03 done.

start at time 2019-03-02 23:06
02 done.
03 done.

start at time 2019-03-03 07:55
02 done.
03 done.

