start at time 2019-01-05 20:46
01 done: geted log.
02 done: write to sendmail.txt.
03 done: send success.

start at time 2019-01-06 07:56
01 done.
02 done.
03 done.

start at time 2019-01-06 10:34
01 done.
02 done.
03 done.

start at time 2019-01-06 10:39
01 done.
02 done.
03 done.

start at time 2019-01-06 10:41
01 done.
02 done.
03 done.

start at time 2019-01-06 10:44
01 done.
02 done.
03 done.

start at time 2019-01-06 10:45
01 done.
02 done.
03 done.

start at time 2019-01-06 10:50
01 done.
02 done.
03 done.

start at time 2019-01-06 10:51
01 done.
02 done.
03 done.

start at time 2019-01-06 10:53
01 done.
02 done.
03 done.

start at time 2019-01-06 10:55
01 done.
02 done.
03 done.

start at time 2019-01-06 10:56
01 done.
02 done.
03 done.

start at time 2019-01-06 10:56
01 done.
02 done.
03 done.

start at time 2019-01-06 10:59
01 done.
02 done.
03 done.

start at time 2019-01-06 11:00
01 done.
02 done.
03 done.

